2018-07-10 18:21:15.114 DEBUG 8636 --- [main] o.s.w.c.s.StandardServletEnvironment     : Adding PropertySource 'configurationProperties' with highest search precedence
2018-07-10 18:21:15.163 DEBUG 8636 --- [main] o.s.w.c.s.StandardServletEnvironment     : Adding PropertySource 'servletConfigInitParams' with lowest search precedence
2018-07-10 18:21:15.163 DEBUG 8636 --- [main] o.s.w.c.s.StandardServletEnvironment     : Adding PropertySource 'servletContextInitParams' with lowest search precedence
2018-07-10 18:21:15.163 DEBUG 8636 --- [main] o.s.w.c.s.StandardServletEnvironment     : Adding PropertySource 'systemProperties' with lowest search precedence
2018-07-10 18:21:15.163 DEBUG 8636 --- [main] o.s.w.c.s.StandardServletEnvironment     : Adding PropertySource 'systemEnvironment' with lowest search precedence
2018-07-10 18:21:15.163 DEBUG 8636 --- [main] o.s.w.c.s.StandardServletEnvironment     : Initialized StandardServletEnvironment with PropertySources [StubPropertySource {name='servletConfigInitParams'}, StubPropertySource {name='servletContextInitParams'}, MapPropertySource {name='systemProperties'}, SystemEnvironmentPropertySource {name='systemEnvironment'}]
2018-07-10 18:21:16.228 DEBUG 8636 --- [main] o.s.w.c.s.StandardServletEnvironment     : Removing PropertySource 'defaultProperties'
2018-07-10 18:21:16.959 DEBUG 8636 --- [localhost-startStop-1] o.s.web.context.ContextLoader            : Published root WebApplicationContext as ServletContext attribute with name [org.springframework.web.context.WebApplicationContext.ROOT]
2018-07-10 18:21:16.959  INFO 8636 --- [localhost-startStop-1] o.s.web.context.ContextLoader            : Root WebApplicationContext: initialization completed in 1675 ms
2018-07-10 18:21:17.197 DEBUG 8636 --- [main] o.s.w.c.s.StandardServletEnvironment     : Replacing PropertySource 'servletContextInitParams' with 'servletContextInitParams'
2018-07-10 18:21:17.550  INFO 8636 --- [main] o.s.w.s.handler.SimpleUrlHandlerMapping  : Mapped URL path [/**/favicon.ico] onto handler of type [class org.springframework.web.servlet.resource.ResourceHttpRequestHandler]
2018-07-10 18:21:17.842  INFO 8636 --- [main] s.w.s.m.m.a.RequestMappingHandlerAdapter : Looking for @ControllerAdvice: org.springframework.boot.web.servlet.context.AnnotationConfigServletWebServerApplicationContext@12299890: startup date [Tue Jul 10 18:21:15 CST 2018]; root of context hierarchy
2018-07-10 18:21:18.034 DEBUG 8636 --- [main] s.w.s.m.m.a.RequestMappingHandlerMapping : Looking for request mappings in application context: org.springframework.boot.web.servlet.context.AnnotationConfigServletWebServerApplicationContext@12299890: startup date [Tue Jul 10 18:21:15 CST 2018]; root of context hierarchy
2018-07-10 18:21:18.048 DEBUG 8636 --- [main] s.w.s.m.m.a.RequestMappingHandlerMapping : 4 request handler methods found on class me.jtx.robinia.payment.trade.alipay.controller.AlipayTradeController: {public void me.jtx.robinia.payment.trade.alipay.controller.AlipayTradeController.tradePay(java.lang.String)={[/v1/trade/alipay/f2f/{tradeNo}],methods=[GET]}, public me.jtx.robinia.payment.trade.alipay.vo.PayResponseMessage me.jtx.robinia.payment.trade.alipay.controller.AlipayTradeController.tradePay(me.jtx.robinia.payment.trade.alipay.vo.PayVO,org.springframework.validation.BindingResult)={[/v1/trade/alipay/f2f/pay],methods=[POST]}, public me.jtx.robinia.payment.trade.alipay.vo.PayRefundResponseMessage me.jtx.robinia.payment.trade.alipay.controller.AlipayTradeController.tradeRefund(me.jtx.robinia.payment.trade.alipay.vo.PayRefundVO,org.springframework.validation.BindingResult)={[/v1/trade/alipay/f2f/refund],methods=[POST]}, public me.jtx.robinia.payment.trade.alipay.vo.PayPrecreateResponseMessage me.jtx.robinia.payment.trade.alipay.controller.AlipayTradeController.tradePrecreate(me.jtx.robinia.payment.trade.alipay.vo.PayPrecreateVO,org.springframework.validation.BindingResult)={[/v1/trade/alipay/f2f/precreate],methods=[POST]}}
2018-07-10 18:21:18.050  INFO 8636 --- [main] s.w.s.m.m.a.RequestMappingHandlerMapping : Mapped "{[/v1/trade/alipay/f2f/{tradeNo}],methods=[GET]}" onto public void me.jtx.robinia.payment.trade.alipay.controller.AlipayTradeController.tradePay(java.lang.String)
2018-07-10 18:21:18.051  INFO 8636 --- [main] s.w.s.m.m.a.RequestMappingHandlerMapping : Mapped "{[/v1/trade/alipay/f2f/pay],methods=[POST]}" onto public me.jtx.robinia.payment.trade.alipay.vo.PayResponseMessage me.jtx.robinia.payment.trade.alipay.controller.AlipayTradeController.tradePay(me.jtx.robinia.payment.trade.alipay.vo.PayVO,org.springframework.validation.BindingResult)
2018-07-10 18:21:18.051  INFO 8636 --- [main] s.w.s.m.m.a.RequestMappingHandlerMapping : Mapped "{[/v1/trade/alipay/f2f/refund],methods=[POST]}" onto public me.jtx.robinia.payment.trade.alipay.vo.PayRefundResponseMessage me.jtx.robinia.payment.trade.alipay.controller.AlipayTradeController.tradeRefund(me.jtx.robinia.payment.trade.alipay.vo.PayRefundVO,org.springframework.validation.BindingResult)
2018-07-10 18:21:18.052  INFO 8636 --- [main] s.w.s.m.m.a.RequestMappingHandlerMapping : Mapped "{[/v1/trade/alipay/f2f/precreate],methods=[POST]}" onto public me.jtx.robinia.payment.trade.alipay.vo.PayPrecreateResponseMessage me.jtx.robinia.payment.trade.alipay.controller.AlipayTradeController.tradePrecreate(me.jtx.robinia.payment.trade.alipay.vo.PayPrecreateVO,org.springframework.validation.BindingResult)
2018-07-10 18:21:18.053 DEBUG 8636 --- [main] s.w.s.m.m.a.RequestMappingHandlerMapping : 3 request handler methods found on class me.jtx.robinia.payment.trade.wxpay.controller.WXPayTradeController: {public void me.jtx.robinia.payment.trade.wxpay.controller.WXPayTradeController.tradePay(java.lang.String)={[/v1/trade/wechat/{tradeNo}],methods=[GET]}, public me.jtx.robinia.payment.trade.wxpay.vo.PayResponseMessage me.jtx.robinia.payment.trade.wxpay.controller.WXPayTradeController.tradePay(me.jtx.robinia.payment.trade.wxpay.vo.PayVO,org.springframework.validation.BindingResult)={[/v1/trade/wechat/pay],methods=[POST]}, public me.jtx.robinia.payment.trade.wxpay.vo.PayResponseMessage me.jtx.robinia.payment.trade.wxpay.controller.WXPayTradeController.tradePay2(me.jtx.robinia.payment.trade.wxpay.vo.PayVO,org.springframework.validation.BindingResult)={[/v1/trade/wechat/pay2],methods=[POST]}}
2018-07-10 18:21:18.053  INFO 8636 --- [main] s.w.s.m.m.a.RequestMappingHandlerMapping : Mapped "{[/v1/trade/wechat/{tradeNo}],methods=[GET]}" onto public void me.jtx.robinia.payment.trade.wxpay.controller.WXPayTradeController.tradePay(java.lang.String)
2018-07-10 18:21:18.054  INFO 8636 --- [main] s.w.s.m.m.a.RequestMappingHandlerMapping : Mapped "{[/v1/trade/wechat/pay],methods=[POST]}" onto public me.jtx.robinia.payment.trade.wxpay.vo.PayResponseMessage me.jtx.robinia.payment.trade.wxpay.controller.WXPayTradeController.tradePay(me.jtx.robinia.payment.trade.wxpay.vo.PayVO,org.springframework.validation.BindingResult)
2018-07-10 18:21:18.054  INFO 8636 --- [main] s.w.s.m.m.a.RequestMappingHandlerMapping : Mapped "{[/v1/trade/wechat/pay2],methods=[POST]}" onto public me.jtx.robinia.payment.trade.wxpay.vo.PayResponseMessage me.jtx.robinia.payment.trade.wxpay.controller.WXPayTradeController.tradePay2(me.jtx.robinia.payment.trade.wxpay.vo.PayVO,org.springframework.validation.BindingResult)
2018-07-10 18:21:18.058 DEBUG 8636 --- [main] s.w.s.m.m.a.RequestMappingHandlerMapping : 2 request handler methods found on class org.springframework.boot.autoconfigure.web.servlet.error.BasicErrorController: {public org.springframework.http.ResponseEntity org.springframework.boot.autoconfigure.web.servlet.error.BasicErrorController.error(javax.servlet.http.HttpServletRequest)={[/error]}, public org.springframework.web.servlet.ModelAndView org.springframework.boot.autoconfigure.web.servlet.error.BasicErrorController.errorHtml(javax.servlet.http.HttpServletRequest,javax.servlet.http.HttpServletResponse)={[/error],produces=[text/html]}}
2018-07-10 18:21:18.059  INFO 8636 --- [main] s.w.s.m.m.a.RequestMappingHandlerMapping : Mapped "{[/error]}" onto public org.springframework.http.ResponseEntity<java.util.Map<java.lang.String, java.lang.Object>> org.springframework.boot.autoconfigure.web.servlet.error.BasicErrorController.error(javax.servlet.http.HttpServletRequest)
2018-07-10 18:21:18.059  INFO 8636 --- [main] s.w.s.m.m.a.RequestMappingHandlerMapping : Mapped "{[/error],produces=[text/html]}" onto public org.springframework.web.servlet.ModelAndView org.springframework.boot.autoconfigure.web.servlet.error.BasicErrorController.errorHtml(javax.servlet.http.HttpServletRequest,javax.servlet.http.HttpServletResponse)
2018-07-10 18:21:18.089 DEBUG 8636 --- [main] o.s.w.s.h.BeanNameUrlHandlerMapping      : Looking for URL mappings in application context: org.springframework.boot.web.servlet.context.AnnotationConfigServletWebServerApplicationContext@12299890: startup date [Tue Jul 10 18:21:15 CST 2018]; root of context hierarchy
2018-07-10 18:21:18.090 DEBUG 8636 --- [main] o.s.w.s.h.BeanNameUrlHandlerMapping      : Rejected bean name 'org.springframework.context.annotation.internalConfigurationAnnotationProcessor': no URL paths identified
2018-07-10 18:21:18.090 DEBUG 8636 --- [main] o.s.w.s.h.BeanNameUrlHandlerMapping      : Rejected bean name 'org.springframework.context.annotation.internalAutowiredAnnotationProcessor': no URL paths identified
2018-07-10 18:21:18.090 DEBUG 8636 --- [main] o.s.w.s.h.BeanNameUrlHandlerMapping      : Rejected bean name 'org.springframework.context.annotation.internalRequiredAnnotationProcessor': no URL paths identified
2018-07-10 18:21:18.090 DEBUG 8636 --- [main] o.s.w.s.h.BeanNameUrlHandlerMapping      : Rejected bean name 'org.springframework.context.annotation.internalCommonAnnotationProcessor': no URL paths identified
2018-07-10 18:21:18.090 DEBUG 8636 --- [main] o.s.w.s.h.BeanNameUrlHandlerMapping      : Rejected bean name 'org.springframework.context.event.internalEventListenerProcessor': no URL paths identified
2018-07-10 18:21:18.090 DEBUG 8636 --- [main] o.s.w.s.h.BeanNameUrlHandlerMapping      : Rejected bean name 'org.springframework.context.event.internalEventListenerFactory': no URL paths identified
2018-07-10 18:21:18.090 DEBUG 8636 --- [main] o.s.w.s.h.BeanNameUrlHandlerMapping      : Rejected bean name 'paymentApplication': no URL paths identified
2018-07-10 18:21:18.090 DEBUG 8636 --- [main] o.s.w.s.h.BeanNameUrlHandlerMapping      : Rejected bean name 'org.springframework.boot.autoconfigure.internalCachingMetadataReaderFactory': no URL paths identified
2018-07-10 18:21:18.090 DEBUG 8636 --- [main] o.s.w.s.h.BeanNameUrlHandlerMapping      : Rejected bean name 'alipayTradeController': no URL paths identified
2018-07-10 18:21:18.091 DEBUG 8636 --- [main] o.s.w.s.h.BeanNameUrlHandlerMapping      : Rejected bean name 'WXPayTradeController': no URL paths identified
2018-07-10 18:21:18.091 DEBUG 8636 --- [main] o.s.w.s.h.BeanNameUrlHandlerMapping      : Rejected bean name 'org.springframework.boot.autoconfigure.AutoConfigurationPackages': no URL paths identified
2018-07-10 18:21:18.091 DEBUG 8636 --- [main] o.s.w.s.h.BeanNameUrlHandlerMapping      : Rejected bean name 'org.springframework.boot.autoconfigure.context.PropertyPlaceholderAutoConfiguration': no URL paths identified
2018-07-10 18:21:18.091 DEBUG 8636 --- [main] o.s.w.s.h.BeanNameUrlHandlerMapping      : Rejected bean name 'org.springframework.boot.autoconfigure.condition.BeanTypeRegistry': no URL paths identified
2018-07-10 18:21:18.091 DEBUG 8636 --- [main] o.s.w.s.h.BeanNameUrlHandlerMapping      : Rejected bean name 'propertySourcesPlaceholderConfigurer': no URL paths identified
2018-07-10 18:21:18.091 DEBUG 8636 --- [main] o.s.w.s.h.BeanNameUrlHandlerMapping      : Rejected bean name 'org.springframework.boot.autoconfigure.websocket.servlet.WebSocketServletAutoConfiguration$TomcatWebSocketConfiguration': no URL paths identified
2018-07-10 18:21:18.091 DEBUG 8636 --- [main] o.s.w.s.h.BeanNameUrlHandlerMapping      : Rejected bean name 'websocketContainerCustomizer': no URL paths identified
2018-07-10 18:21:18.091 DEBUG 8636 --- [main] o.s.w.s.h.BeanNameUrlHandlerMapping      : Rejected bean name 'org.springframework.boot.autoconfigure.websocket.servlet.WebSocketServletAutoConfiguration': no URL paths identified
2018-07-10 18:21:18.091 DEBUG 8636 --- [main] o.s.w.s.h.BeanNameUrlHandlerMapping      : Rejected bean name 'org.springframework.boot.autoconfigure.web.servlet.ServletWebServerFactoryConfiguration$EmbeddedTomcat': no URL paths identified
2018-07-10 18:21:18.091 DEBUG 8636 --- [main] o.s.w.s.h.BeanNameUrlHandlerMapping      : Rejected bean name 'tomcatServletWebServerFactory': no URL paths identified
2018-07-10 18:21:18.091 DEBUG 8636 --- [main] o.s.w.s.h.BeanNameUrlHandlerMapping      : Rejected bean name 'org.springframework.boot.autoconfigure.web.servlet.ServletWebServerFactoryAutoConfiguration': no URL paths identified
2018-07-10 18:21:18.091 DEBUG 8636 --- [main] o.s.w.s.h.BeanNameUrlHandlerMapping      : Rejected bean name 'servletWebServerFactoryCustomizer': no URL paths identified
2018-07-10 18:21:18.092 DEBUG 8636 --- [main] o.s.w.s.h.BeanNameUrlHandlerMapping      : Rejected bean name 'tomcatServletWebServerFactoryCustomizer': no URL paths identified
2018-07-10 18:21:18.092 DEBUG 8636 --- [main] o.s.w.s.h.BeanNameUrlHandlerMapping      : Rejected bean name 'server-org.springframework.boot.autoconfigure.web.ServerProperties': no URL paths identified
2018-07-10 18:21:18.092 DEBUG 8636 --- [main] o.s.w.s.h.BeanNameUrlHandlerMapping      : Rejected bean name 'org.springframework.boot.context.properties.ConfigurationPropertiesBindingPostProcessor': no URL paths identified
2018-07-10 18:21:18.092 DEBUG 8636 --- [main] o.s.w.s.h.BeanNameUrlHandlerMapping      : Rejected bean name 'org.springframework.boot.context.properties.ConfigurationBeanFactoryMetadata': no URL paths identified
2018-07-10 18:21:18.092 DEBUG 8636 --- [main] o.s.w.s.h.BeanNameUrlHandlerMapping      : Rejected bean name 'webServerFactoryCustomizerBeanPostProcessor': no URL paths identified
2018-07-10 18:21:18.092 DEBUG 8636 --- [main] o.s.w.s.h.BeanNameUrlHandlerMapping      : Rejected bean name 'errorPageRegistrarBeanPostProcessor': no URL paths identified
2018-07-10 18:21:18.092 DEBUG 8636 --- [main] o.s.w.s.h.BeanNameUrlHandlerMapping      : Rejected bean name 'org.springframework.boot.autoconfigure.web.servlet.DispatcherServletAutoConfiguration$DispatcherServletConfiguration': no URL paths identified
2018-07-10 18:21:18.092 DEBUG 8636 --- [main] o.s.w.s.h.BeanNameUrlHandlerMapping      : Rejected bean name 'dispatcherServlet': no URL paths identified
2018-07-10 18:21:18.092 DEBUG 8636 --- [main] o.s.w.s.h.BeanNameUrlHandlerMapping      : Rejected bean name 'mainDispatcherServletPathProvider': no URL paths identified
2018-07-10 18:21:18.092 DEBUG 8636 --- [main] o.s.w.s.h.BeanNameUrlHandlerMapping      : Rejected bean name 'spring.mvc-org.springframework.boot.autoconfigure.web.servlet.WebMvcProperties': no URL paths identified
2018-07-10 18:21:18.092 DEBUG 8636 --- [main] o.s.w.s.h.BeanNameUrlHandlerMapping      : Rejected bean name 'org.springframework.boot.autoconfigure.web.servlet.DispatcherServletAutoConfiguration$DispatcherServletRegistrationConfiguration': no URL paths identified
2018-07-10 18:21:18.092 DEBUG 8636 --- [main] o.s.w.s.h.BeanNameUrlHandlerMapping      : Rejected bean name 'dispatcherServletRegistration': no URL paths identified
2018-07-10 18:21:18.092 DEBUG 8636 --- [main] o.s.w.s.h.BeanNameUrlHandlerMapping      : Rejected bean name 'org.springframework.boot.autoconfigure.web.servlet.DispatcherServletAutoConfiguration': no URL paths identified
2018-07-10 18:21:18.092 DEBUG 8636 --- [main] o.s.w.s.h.BeanNameUrlHandlerMapping      : Rejected bean name 'org.springframework.boot.autoconfigure.validation.ValidationAutoConfiguration': no URL paths identified
2018-07-10 18:21:18.093 DEBUG 8636 --- [main] o.s.w.s.h.BeanNameUrlHandlerMapping      : Rejected bean name 'defaultValidator': no URL paths identified
2018-07-10 18:21:18.093 DEBUG 8636 --- [main] o.s.w.s.h.BeanNameUrlHandlerMapping      : Rejected bean name 'methodValidationPostProcessor': no URL paths identified
2018-07-10 18:21:18.093 DEBUG 8636 --- [main] o.s.w.s.h.BeanNameUrlHandlerMapping      : Rejected bean name 'org.springframework.boot.autoconfigure.web.servlet.error.ErrorMvcAutoConfiguration$WhitelabelErrorViewConfiguration': no URL paths identified
2018-07-10 18:21:18.093 DEBUG 8636 --- [main] o.s.w.s.h.BeanNameUrlHandlerMapping      : Rejected bean name 'error': no URL paths identified
2018-07-10 18:21:18.093 DEBUG 8636 --- [main] o.s.w.s.h.BeanNameUrlHandlerMapping      : Rejected bean name 'beanNameViewResolver': no URL paths identified
2018-07-10 18:21:18.093 DEBUG 8636 --- [main] o.s.w.s.h.BeanNameUrlHandlerMapping      : Rejected bean name 'org.springframework.boot.autoconfigure.web.servlet.error.ErrorMvcAutoConfiguration$DefaultErrorViewResolverConfiguration': no URL paths identified
2018-07-10 18:21:18.093 DEBUG 8636 --- [main] o.s.w.s.h.BeanNameUrlHandlerMapping      : Rejected bean name 'conventionErrorViewResolver': no URL paths identified
2018-07-10 18:21:18.093 DEBUG 8636 --- [main] o.s.w.s.h.BeanNameUrlHandlerMapping      : Rejected bean name 'org.springframework.boot.autoconfigure.web.servlet.error.ErrorMvcAutoConfiguration': no URL paths identified
2018-07-10 18:21:18.093 DEBUG 8636 --- [main] o.s.w.s.h.BeanNameUrlHandlerMapping      : Rejected bean name 'errorAttributes': no URL paths identified
2018-07-10 18:21:18.093 DEBUG 8636 --- [main] o.s.w.s.h.BeanNameUrlHandlerMapping      : Rejected bean name 'basicErrorController': no URL paths identified
2018-07-10 18:21:18.093 DEBUG 8636 --- [main] o.s.w.s.h.BeanNameUrlHandlerMapping      : Rejected bean name 'errorPageCustomizer': no URL paths identified
2018-07-10 18:21:18.094 DEBUG 8636 --- [main] o.s.w.s.h.BeanNameUrlHandlerMapping      : Rejected bean name 'preserveErrorControllerTargetClassPostProcessor': no URL paths identified
2018-07-10 18:21:18.094 DEBUG 8636 --- [main] o.s.w.s.h.BeanNameUrlHandlerMapping      : Rejected bean name 'spring.resources-org.springframework.boot.autoconfigure.web.ResourceProperties': no URL paths identified
2018-07-10 18:21:18.094 DEBUG 8636 --- [main] o.s.w.s.h.BeanNameUrlHandlerMapping      : Rejected bean name 'org.springframework.boot.autoconfigure.web.servlet.WebMvcAutoConfiguration$WebMvcAutoConfigurationAdapter$FaviconConfiguration': no URL paths identified
2018-07-10 18:21:18.094 DEBUG 8636 --- [main] o.s.w.s.h.BeanNameUrlHandlerMapping      : Rejected bean name 'faviconHandlerMapping': no URL paths identified
2018-07-10 18:21:18.094 DEBUG 8636 --- [main] o.s.w.s.h.BeanNameUrlHandlerMapping      : Rejected bean name 'faviconRequestHandler': no URL paths identified
2018-07-10 18:21:18.094 DEBUG 8636 --- [main] o.s.w.s.h.BeanNameUrlHandlerMapping      : Rejected bean name 'org.springframework.boot.autoconfigure.web.servlet.WebMvcAutoConfiguration$EnableWebMvcConfiguration': no URL paths identified
2018-07-10 18:21:18.094 DEBUG 8636 --- [main] o.s.w.s.h.BeanNameUrlHandlerMapping      : Rejected bean name 'requestMappingHandlerAdapter': no URL paths identified
2018-07-10 18:21:18.094 DEBUG 8636 --- [main] o.s.w.s.h.BeanNameUrlHandlerMapping      : Rejected bean name 'requestMappingHandlerMapping': no URL paths identified
2018-07-10 18:21:18.094 DEBUG 8636 --- [main] o.s.w.s.h.BeanNameUrlHandlerMapping      : Rejected bean name 'mvcConversionService': no URL paths identified
2018-07-10 18:21:18.094 DEBUG 8636 --- [main] o.s.w.s.h.BeanNameUrlHandlerMapping      : Rejected bean name 'mvcValidator': no URL paths identified
2018-07-10 18:21:18.094 DEBUG 8636 --- [main] o.s.w.s.h.BeanNameUrlHandlerMapping      : Rejected bean name 'mvcContentNegotiationManager': no URL paths identified
2018-07-10 18:21:18.094 DEBUG 8636 --- [main] o.s.w.s.h.BeanNameUrlHandlerMapping      : Rejected bean name 'mvcPathMatcher': no URL paths identified
2018-07-10 18:21:18.095 DEBUG 8636 --- [main] o.s.w.s.h.BeanNameUrlHandlerMapping      : Rejected bean name 'mvcUrlPathHelper': no URL paths identified
2018-07-10 18:21:18.095 DEBUG 8636 --- [main] o.s.w.s.h.BeanNameUrlHandlerMapping      : Rejected bean name 'viewControllerHandlerMapping': no URL paths identified
2018-07-10 18:21:18.095 DEBUG 8636 --- [main] o.s.w.s.h.BeanNameUrlHandlerMapping      : Rejected bean name 'beanNameHandlerMapping': no URL paths identified
2018-07-10 18:21:18.095 DEBUG 8636 --- [main] o.s.w.s.h.BeanNameUrlHandlerMapping      : Rejected bean name 'resourceHandlerMapping': no URL paths identified
2018-07-10 18:21:18.095 DEBUG 8636 --- [main] o.s.w.s.h.BeanNameUrlHandlerMapping      : Rejected bean name 'mvcResourceUrlProvider': no URL paths identified
2018-07-10 18:21:18.095 DEBUG 8636 --- [main] o.s.w.s.h.BeanNameUrlHandlerMapping      : Rejected bean name 'defaultServletHandlerMapping': no URL paths identified
2018-07-10 18:21:18.095 DEBUG 8636 --- [main] o.s.w.s.h.BeanNameUrlHandlerMapping      : Rejected bean name 'mvcUriComponentsContributor': no URL paths identified
2018-07-10 18:21:18.095 DEBUG 8636 --- [main] o.s.w.s.h.BeanNameUrlHandlerMapping      : Rejected bean name 'httpRequestHandlerAdapter': no URL paths identified
2018-07-10 18:21:18.095 DEBUG 8636 --- [main] o.s.w.s.h.BeanNameUrlHandlerMapping      : Rejected bean name 'simpleControllerHandlerAdapter': no URL paths identified
2018-07-10 18:21:18.095 DEBUG 8636 --- [main] o.s.w.s.h.BeanNameUrlHandlerMapping      : Rejected bean name 'handlerExceptionResolver': no URL paths identified
2018-07-10 18:21:18.095 DEBUG 8636 --- [main] o.s.w.s.h.BeanNameUrlHandlerMapping      : Rejected bean name 'mvcViewResolver': no URL paths identified
2018-07-10 18:21:18.095 DEBUG 8636 --- [main] o.s.w.s.h.BeanNameUrlHandlerMapping      : Rejected bean name 'mvcHandlerMappingIntrospector': no URL paths identified
2018-07-10 18:21:18.095 DEBUG 8636 --- [main] o.s.w.s.h.BeanNameUrlHandlerMapping      : Rejected bean name 'org.springframework.boot.autoconfigure.web.servlet.WebMvcAutoConfiguration$WebMvcAutoConfigurationAdapter': no URL paths identified
2018-07-10 18:21:18.095 DEBUG 8636 --- [main] o.s.w.s.h.BeanNameUrlHandlerMapping      : Rejected bean name 'defaultViewResolver': no URL paths identified
2018-07-10 18:21:18.096 DEBUG 8636 --- [main] o.s.w.s.h.BeanNameUrlHandlerMapping      : Rejected bean name 'viewResolver': no URL paths identified
2018-07-10 18:21:18.096 DEBUG 8636 --- [main] o.s.w.s.h.BeanNameUrlHandlerMapping      : Rejected bean name 'welcomePageHandlerMapping': no URL paths identified
2018-07-10 18:21:18.096 DEBUG 8636 --- [main] o.s.w.s.h.BeanNameUrlHandlerMapping      : Rejected bean name 'requestContextFilter': no URL paths identified
2018-07-10 18:21:18.096 DEBUG 8636 --- [main] o.s.w.s.h.BeanNameUrlHandlerMapping      : Rejected bean name 'org.springframework.boot.autoconfigure.web.servlet.WebMvcAutoConfiguration': no URL paths identified
2018-07-10 18:21:18.096 DEBUG 8636 --- [main] o.s.w.s.h.BeanNameUrlHandlerMapping      : Rejected bean name 'hiddenHttpMethodFilter': no URL paths identified
2018-07-10 18:21:18.096 DEBUG 8636 --- [main] o.s.w.s.h.BeanNameUrlHandlerMapping      : Rejected bean name 'httpPutFormContentFilter': no URL paths identified
2018-07-10 18:21:18.096 DEBUG 8636 --- [main] o.s.w.s.h.BeanNameUrlHandlerMapping      : Rejected bean name 'org.springframework.boot.autoconfigure.jmx.JmxAutoConfiguration': no URL paths identified
2018-07-10 18:21:18.096 DEBUG 8636 --- [main] o.s.w.s.h.BeanNameUrlHandlerMapping      : Rejected bean name 'mbeanExporter': no URL paths identified
2018-07-10 18:21:18.096 DEBUG 8636 --- [main] o.s.w.s.h.BeanNameUrlHandlerMapping      : Rejected bean name 'objectNamingStrategy': no URL paths identified
2018-07-10 18:21:18.096 DEBUG 8636 --- [main] o.s.w.s.h.BeanNameUrlHandlerMapping      : Rejected bean name 'mbeanServer': no URL paths identified
2018-07-10 18:21:18.096 DEBUG 8636 --- [main] o.s.w.s.h.BeanNameUrlHandlerMapping      : Rejected bean name 'org.springframework.boot.autoconfigure.context.ConfigurationPropertiesAutoConfiguration': no URL paths identified
2018-07-10 18:21:18.096 DEBUG 8636 --- [main] o.s.w.s.h.BeanNameUrlHandlerMapping      : Rejected bean name 'org.springframework.boot.autoconfigure.gson.GsonAutoConfiguration': no URL paths identified
2018-07-10 18:21:18.096 DEBUG 8636 --- [main] o.s.w.s.h.BeanNameUrlHandlerMapping      : Rejected bean name 'gsonBuilder': no URL paths identified
2018-07-10 18:21:18.097 DEBUG 8636 --- [main] o.s.w.s.h.BeanNameUrlHandlerMapping      : Rejected bean name 'gson': no URL paths identified
2018-07-10 18:21:18.097 DEBUG 8636 --- [main] o.s.w.s.h.BeanNameUrlHandlerMapping      : Rejected bean name 'standardGsonBuilderCustomizer': no URL paths identified
2018-07-10 18:21:18.097 DEBUG 8636 --- [main] o.s.w.s.h.BeanNameUrlHandlerMapping      : Rejected bean name 'spring.gson-org.springframework.boot.autoconfigure.gson.GsonProperties': no URL paths identified
2018-07-10 18:21:18.097 DEBUG 8636 --- [main] o.s.w.s.h.BeanNameUrlHandlerMapping      : Rejected bean name 'org.springframework.boot.autoconfigure.jackson.JacksonAutoConfiguration$Jackson2ObjectMapperBuilderCustomizerConfiguration': no URL paths identified
2018-07-10 18:21:18.097 DEBUG 8636 --- [main] o.s.w.s.h.BeanNameUrlHandlerMapping      : Rejected bean name 'standardJacksonObjectMapperBuilderCustomizer': no URL paths identified
2018-07-10 18:21:18.097 DEBUG 8636 --- [main] o.s.w.s.h.BeanNameUrlHandlerMapping      : Rejected bean name 'spring.jackson-org.springframework.boot.autoconfigure.jackson.JacksonProperties': no URL paths identified
2018-07-10 18:21:18.097 DEBUG 8636 --- [main] o.s.w.s.h.BeanNameUrlHandlerMapping      : Rejected bean name 'org.springframework.boot.autoconfigure.jackson.JacksonAutoConfiguration$JacksonObjectMapperBuilderConfiguration': no URL paths identified
2018-07-10 18:21:18.097 DEBUG 8636 --- [main] o.s.w.s.h.BeanNameUrlHandlerMapping      : Rejected bean name 'jacksonObjectMapperBuilder': no URL paths identified
2018-07-10 18:21:18.097 DEBUG 8636 --- [main] o.s.w.s.h.BeanNameUrlHandlerMapping      : Rejected bean name 'org.springframework.boot.autoconfigure.jackson.JacksonAutoConfiguration$ParameterNamesModuleConfiguration': no URL paths identified
2018-07-10 18:21:18.097 DEBUG 8636 --- [main] o.s.w.s.h.BeanNameUrlHandlerMapping      : Rejected bean name 'parameterNamesModule': no URL paths identified
2018-07-10 18:21:18.097 DEBUG 8636 --- [main] o.s.w.s.h.BeanNameUrlHandlerMapping      : Rejected bean name 'org.springframework.boot.autoconfigure.jackson.JacksonAutoConfiguration$JacksonObjectMapperConfiguration': no URL paths identified
2018-07-10 18:21:18.097 DEBUG 8636 --- [main] o.s.w.s.h.BeanNameUrlHandlerMapping      : Rejected bean name 'jacksonObjectMapper': no URL paths identified
2018-07-10 18:21:18.097 DEBUG 8636 --- [main] o.s.w.s.h.BeanNameUrlHandlerMapping      : Rejected bean name 'org.springframework.boot.autoconfigure.jackson.JacksonAutoConfiguration': no URL paths identified
2018-07-10 18:21:18.097 DEBUG 8636 --- [main] o.s.w.s.h.BeanNameUrlHandlerMapping      : Rejected bean name 'jsonComponentModule': no URL paths identified
2018-07-10 18:21:18.097 DEBUG 8636 --- [main] o.s.w.s.h.BeanNameUrlHandlerMapping      : Rejected bean name 'org.springframework.boot.autoconfigure.http.HttpMessageConvertersAutoConfiguration$StringHttpMessageConverterConfiguration': no URL paths identified
2018-07-10 18:21:18.097 DEBUG 8636 --- [main] o.s.w.s.h.BeanNameUrlHandlerMapping      : Rejected bean name 'stringHttpMessageConverter': no URL paths identified
2018-07-10 18:21:18.098 DEBUG 8636 --- [main] o.s.w.s.h.BeanNameUrlHandlerMapping      : Rejected bean name 'spring.http.encoding-org.springframework.boot.autoconfigure.http.HttpEncodingProperties': no URL paths identified
2018-07-10 18:21:18.098 DEBUG 8636 --- [main] o.s.w.s.h.BeanNameUrlHandlerMapping      : Rejected bean name 'org.springframework.boot.autoconfigure.http.JacksonHttpMessageConvertersConfiguration$MappingJackson2HttpMessageConverterConfiguration': no URL paths identified
2018-07-10 18:21:18.098 DEBUG 8636 --- [main] o.s.w.s.h.BeanNameUrlHandlerMapping      : Rejected bean name 'mappingJackson2HttpMessageConverter': no URL paths identified
2018-07-10 18:21:18.098 DEBUG 8636 --- [main] o.s.w.s.h.BeanNameUrlHandlerMapping      : Rejected bean name 'org.springframework.boot.autoconfigure.http.JacksonHttpMessageConvertersConfiguration': no URL paths identified
2018-07-10 18:21:18.098 DEBUG 8636 --- [main] o.s.w.s.h.BeanNameUrlHandlerMapping      : Rejected bean name 'org.springframework.boot.autoconfigure.http.GsonHttpMessageConvertersConfiguration': no URL paths identified
2018-07-10 18:21:18.098 DEBUG 8636 --- [main] o.s.w.s.h.BeanNameUrlHandlerMapping      : Rejected bean name 'org.springframework.boot.autoconfigure.http.HttpMessageConvertersAutoConfiguration': no URL paths identified
2018-07-10 18:21:18.098 DEBUG 8636 --- [main] o.s.w.s.h.BeanNameUrlHandlerMapping      : Rejected bean name 'messageConverters': no URL paths identified
2018-07-10 18:21:18.098 DEBUG 8636 --- [main] o.s.w.s.h.BeanNameUrlHandlerMapping      : Rejected bean name 'org.springframework.boot.autoconfigure.http.codec.CodecsAutoConfiguration$JacksonCodecConfiguration': no URL paths identified
2018-07-10 18:21:18.098 DEBUG 8636 --- [main] o.s.w.s.h.BeanNameUrlHandlerMapping      : Rejected bean name 'jacksonCodecCustomizer': no URL paths identified
2018-07-10 18:21:18.098 DEBUG 8636 --- [main] o.s.w.s.h.BeanNameUrlHandlerMapping      : Rejected bean name 'org.springframework.boot.autoconfigure.http.codec.CodecsAutoConfiguration': no URL paths identified
2018-07-10 18:21:18.098 DEBUG 8636 --- [main] o.s.w.s.h.BeanNameUrlHandlerMapping      : Rejected bean name 'org.springframework.boot.autoconfigure.info.ProjectInfoAutoConfiguration': no URL paths identified
2018-07-10 18:21:18.098 DEBUG 8636 --- [main] o.s.w.s.h.BeanNameUrlHandlerMapping      : Rejected bean name 'spring.info-org.springframework.boot.autoconfigure.info.ProjectInfoProperties': no URL paths identified
2018-07-10 18:21:18.098 DEBUG 8636 --- [main] o.s.w.s.h.BeanNameUrlHandlerMapping      : Rejected bean name 'org.springframework.boot.autoconfigure.security.reactive.ReactiveSecurityAutoConfiguration': no URL paths identified
2018-07-10 18:21:18.098 DEBUG 8636 --- [main] o.s.w.s.h.BeanNameUrlHandlerMapping      : Rejected bean name 'spring.security-org.springframework.boot.autoconfigure.security.SecurityProperties': no URL paths identified
2018-07-10 18:21:18.099 DEBUG 8636 --- [main] o.s.w.s.h.BeanNameUrlHandlerMapping      : Rejected bean name 'org.springframework.boot.autoconfigure.web.client.RestTemplateAutoConfiguration': no URL paths identified
2018-07-10 18:21:18.099 DEBUG 8636 --- [main] o.s.w.s.h.BeanNameUrlHandlerMapping      : Rejected bean name 'restTemplateBuilder': no URL paths identified
2018-07-10 18:21:18.099 DEBUG 8636 --- [main] o.s.w.s.h.BeanNameUrlHandlerMapping      : Rejected bean name 'org.springframework.boot.autoconfigure.web.embedded.EmbeddedWebServerFactoryCustomizerAutoConfiguration$TomcatWebServerFactoryCustomizerConfiguration': no URL paths identified
2018-07-10 18:21:18.099 DEBUG 8636 --- [main] o.s.w.s.h.BeanNameUrlHandlerMapping      : Rejected bean name 'tomcatWebServerFactoryCustomizer': no URL paths identified
2018-07-10 18:21:18.099 DEBUG 8636 --- [main] o.s.w.s.h.BeanNameUrlHandlerMapping      : Rejected bean name 'org.springframework.boot.autoconfigure.web.embedded.EmbeddedWebServerFactoryCustomizerAutoConfiguration': no URL paths identified
2018-07-10 18:21:18.099 DEBUG 8636 --- [main] o.s.w.s.h.BeanNameUrlHandlerMapping      : Rejected bean name 'org.springframework.boot.autoconfigure.web.servlet.HttpEncodingAutoConfiguration': no URL paths identified
2018-07-10 18:21:18.099 DEBUG 8636 --- [main] o.s.w.s.h.BeanNameUrlHandlerMapping      : Rejected bean name 'characterEncodingFilter': no URL paths identified
2018-07-10 18:21:18.099 DEBUG 8636 --- [main] o.s.w.s.h.BeanNameUrlHandlerMapping      : Rejected bean name 'localeCharsetMappingsCustomizer': no URL paths identified
2018-07-10 18:21:18.099 DEBUG 8636 --- [main] o.s.w.s.h.BeanNameUrlHandlerMapping      : Rejected bean name 'org.springframework.boot.autoconfigure.web.servlet.MultipartAutoConfiguration': no URL paths identified
2018-07-10 18:21:18.099 DEBUG 8636 --- [main] o.s.w.s.h.BeanNameUrlHandlerMapping      : Rejected bean name 'multipartConfigElement': no URL paths identified
2018-07-10 18:21:18.099 DEBUG 8636 --- [main] o.s.w.s.h.BeanNameUrlHandlerMapping      : Rejected bean name 'multipartResolver': no URL paths identified
2018-07-10 18:21:18.099 DEBUG 8636 --- [main] o.s.w.s.h.BeanNameUrlHandlerMapping      : Rejected bean name 'spring.servlet.multipart-org.springframework.boot.autoconfigure.web.servlet.MultipartProperties': no URL paths identified
2018-07-10 18:21:18.099 DEBUG 8636 --- [main] o.s.w.s.h.BeanNameUrlHandlerMapping      : Rejected bean name 'autoConfigurationReport': no URL paths identified
2018-07-10 18:21:18.099 DEBUG 8636 --- [main] o.s.w.s.h.BeanNameUrlHandlerMapping      : Rejected bean name 'org.springframework.boot.context.ContextIdApplicationContextInitializer$ContextId': no URL paths identified
2018-07-10 18:21:18.100 DEBUG 8636 --- [main] o.s.w.s.h.BeanNameUrlHandlerMapping      : Rejected bean name 'springApplicationArguments': no URL paths identified
2018-07-10 18:21:18.100 DEBUG 8636 --- [main] o.s.w.s.h.BeanNameUrlHandlerMapping      : Rejected bean name 'springBootBanner': no URL paths identified
2018-07-10 18:21:18.100 DEBUG 8636 --- [main] o.s.w.s.h.BeanNameUrlHandlerMapping      : Rejected bean name 'springBootLoggingSystem': no URL paths identified
2018-07-10 18:21:18.100 DEBUG 8636 --- [main] o.s.w.s.h.BeanNameUrlHandlerMapping      : Rejected bean name 'environment': no URL paths identified
2018-07-10 18:21:18.100 DEBUG 8636 --- [main] o.s.w.s.h.BeanNameUrlHandlerMapping      : Rejected bean name 'systemProperties': no URL paths identified
2018-07-10 18:21:18.100 DEBUG 8636 --- [main] o.s.w.s.h.BeanNameUrlHandlerMapping      : Rejected bean name 'systemEnvironment': no URL paths identified
2018-07-10 18:21:18.100 DEBUG 8636 --- [main] o.s.w.s.h.BeanNameUrlHandlerMapping      : Rejected bean name 'org.springframework.context.annotation.ConfigurationClassPostProcessor.importRegistry': no URL paths identified
2018-07-10 18:21:18.100 DEBUG 8636 --- [main] o.s.w.s.h.BeanNameUrlHandlerMapping      : Rejected bean name 'messageSource': no URL paths identified
2018-07-10 18:21:18.100 DEBUG 8636 --- [main] o.s.w.s.h.BeanNameUrlHandlerMapping      : Rejected bean name 'applicationEventMulticaster': no URL paths identified
2018-07-10 18:21:18.100 DEBUG 8636 --- [main] o.s.w.s.h.BeanNameUrlHandlerMapping      : Rejected bean name 'servletContext': no URL paths identified
2018-07-10 18:21:18.100 DEBUG 8636 --- [main] o.s.w.s.h.BeanNameUrlHandlerMapping      : Rejected bean name 'contextParameters': no URL paths identified
2018-07-10 18:21:18.100 DEBUG 8636 --- [main] o.s.w.s.h.BeanNameUrlHandlerMapping      : Rejected bean name 'contextAttributes': no URL paths identified
2018-07-10 18:21:18.108  INFO 8636 --- [main] o.s.w.s.handler.SimpleUrlHandlerMapping  : Mapped URL path [/webjars/**] onto handler of type [class org.springframework.web.servlet.resource.ResourceHttpRequestHandler]
2018-07-10 18:21:18.108  INFO 8636 --- [main] o.s.w.s.handler.SimpleUrlHandlerMapping  : Mapped URL path [/**] onto handler of type [class org.springframework.web.servlet.resource.ResourceHttpRequestHandler]
2018-07-10 18:21:18.123 DEBUG 8636 --- [main] .m.m.a.ExceptionHandlerExceptionResolver : Looking for exception mappings: org.springframework.boot.web.servlet.context.AnnotationConfigServletWebServerApplicationContext@12299890: startup date [Tue Jul 10 18:21:15 CST 2018]; root of context hierarchy
2018-07-10 18:21:18.390 DEBUG 8636 --- [main] o.s.w.s.resource.ResourceUrlProvider     : Looking for resource handler mappings
2018-07-10 18:21:18.391 DEBUG 8636 --- [main] o.s.w.s.resource.ResourceUrlProvider     : Found resource handler mapping: URL pattern="/**/favicon.ico", locations=[class path resource [META-INF/resources/], class path resource [resources/], class path resource [static/], class path resource [public/], ServletContext resource [/], class path resource []], resolvers=[org.springframework.web.servlet.resource.PathResourceResolver@35a60674]
2018-07-10 18:21:18.391 DEBUG 8636 --- [main] o.s.w.s.resource.ResourceUrlProvider     : Found resource handler mapping: URL pattern="/webjars/**", locations=[class path resource [META-INF/resources/webjars/]], resolvers=[org.springframework.web.servlet.resource.PathResourceResolver@63d4f0a2]
2018-07-10 18:21:18.391 DEBUG 8636 --- [main] o.s.w.s.resource.ResourceUrlProvider     : Found resource handler mapping: URL pattern="/**", locations=[class path resource [META-INF/resources/], class path resource [resources/], class path resource [static/], class path resource [public/], ServletContext resource [/]], resolvers=[org.springframework.web.servlet.resource.PathResourceResolver@7d78f3d5]
2018-07-10 18:21:18.453 DEBUG 8636 --- [main] o.s.w.c.s.StandardServletEnvironment     : Adding PropertySource 'server.ports' with highest search precedence
2018-07-10 18:21:55.002 DEBUG 8636 --- [http-nio-8080-exec-2] o.s.web.servlet.DispatcherServlet        : Initializing servlet 'dispatcherServlet'
2018-07-10 18:21:55.003  INFO 8636 --- [http-nio-8080-exec-2] o.s.web.servlet.DispatcherServlet        : FrameworkServlet 'dispatcherServlet': initialization started
2018-07-10 18:21:55.003 DEBUG 8636 --- [http-nio-8080-exec-2] o.s.web.servlet.DispatcherServlet        : Using MultipartResolver [org.springframework.web.multipart.support.StandardServletMultipartResolver@7382be9]
2018-07-10 18:21:55.008 DEBUG 8636 --- [http-nio-8080-exec-2] o.s.web.servlet.DispatcherServlet        : Unable to locate LocaleResolver with name 'localeResolver': using default [org.springframework.web.servlet.i18n.AcceptHeaderLocaleResolver@1a3339d2]
2018-07-10 18:21:55.014 DEBUG 8636 --- [http-nio-8080-exec-2] o.s.web.servlet.DispatcherServlet        : Unable to locate ThemeResolver with name 'themeResolver': using default [org.springframework.web.servlet.theme.FixedThemeResolver@318c696c]
2018-07-10 18:21:55.021 DEBUG 8636 --- [http-nio-8080-exec-2] o.s.web.servlet.DispatcherServlet        : Unable to locate RequestToViewNameTranslator with name 'viewNameTranslator': using default [org.springframework.web.servlet.view.DefaultRequestToViewNameTranslator@64139e5a]
2018-07-10 18:21:55.029 DEBUG 8636 --- [http-nio-8080-exec-2] o.s.web.servlet.DispatcherServlet        : Unable to locate FlashMapManager with name 'flashMapManager': using default [org.springframework.web.servlet.support.SessionFlashMapManager@4efc6924]
2018-07-10 18:21:55.029 DEBUG 8636 --- [http-nio-8080-exec-2] o.s.web.servlet.DispatcherServlet        : Published WebApplicationContext of servlet 'dispatcherServlet' as ServletContext attribute with name [org.springframework.web.servlet.FrameworkServlet.CONTEXT.dispatcherServlet]
2018-07-10 18:21:55.029  INFO 8636 --- [http-nio-8080-exec-2] o.s.web.servlet.DispatcherServlet        : FrameworkServlet 'dispatcherServlet': initialization completed in 26 ms
2018-07-10 18:21:55.030 DEBUG 8636 --- [http-nio-8080-exec-2] o.s.web.servlet.DispatcherServlet        : Servlet 'dispatcherServlet' configured successfully
2018-07-10 18:21:55.041 DEBUG 8636 --- [http-nio-8080-exec-2] o.s.web.servlet.DispatcherServlet        : DispatcherServlet with name 'dispatcherServlet' processing POST request for [/v1/trade/alipay/f2f/pay]
2018-07-10 18:21:55.044 DEBUG 8636 --- [http-nio-8080-exec-2] s.w.s.m.m.a.RequestMappingHandlerMapping : Looking up handler method for path /v1/trade/alipay/f2f/pay
2018-07-10 18:21:55.046 DEBUG 8636 --- [http-nio-8080-exec-2] s.w.s.m.m.a.RequestMappingHandlerMapping : Returning handler method [public me.jtx.robinia.payment.trade.alipay.vo.PayResponseMessage me.jtx.robinia.payment.trade.alipay.controller.AlipayTradeController.tradePay(me.jtx.robinia.payment.trade.alipay.vo.PayVO,org.springframework.validation.BindingResult)]
2018-07-10 18:22:02.149 DEBUG 8636 --- [http-nio-8080-exec-2] m.m.a.RequestResponseBodyMethodProcessor : Written [me.jtx.robinia.payment.trade.alipay.vo.PayResponseMessage@dd754ad] as "application/json" using [org.springframework.http.converter.json.MappingJackson2HttpMessageConverter@65a48602]
2018-07-10 18:22:02.150 DEBUG 8636 --- [http-nio-8080-exec-2] o.s.web.servlet.DispatcherServlet        : Null ModelAndView returned to DispatcherServlet with name 'dispatcherServlet': assuming HandlerAdapter completed request handling
2018-07-10 18:22:02.150 DEBUG 8636 --- [http-nio-8080-exec-2] o.s.web.servlet.DispatcherServlet        : Successfully completed request
